<?xml version="1.0" encoding="UTF-8"?>
<testng-results total="3" passed="2" failed="1" skipped="0">
  <reporter-output>
  </reporter-output>
  <suite started-at="2021-06-09T12:51:07Z" name="Suite" finished-at="2021-06-09T12:52:01Z" duration-ms="54469">
    <groups>
    </groups>
    <test started-at="2021-06-09T12:51:07Z" name="Test1" finished-at="2021-06-09T12:51:44Z" duration-ms="37106">
      <class name="Academy.Validation1">
        <test-method is-config="true" signature="startBrowser()[pri:0, instance:Academy.Validation1@4808bc9b]" started-at="2021-06-09T18:21:07Z" name="startBrowser" finished-at="2021-06-09T18:21:43Z" duration-ms="35871" status="PASS">
          <reporter-output>
          </reporter-output>
        </test-method> <!-- startBrowser -->
        <test-method signature="basepageNavigation()[pri:0, instance:Academy.Validation1@4808bc9b]" started-at="2021-06-09T18:21:43Z" name="basepageNavigation" finished-at="2021-06-09T18:21:43Z" duration-ms="188" status="FAIL">
          <exception class="java.lang.AssertionError">
            <message>
              <![CDATA[expected [false] but found [true]]]>
            </message>
            <full-stacktrace>
              <![CDATA[java.lang.AssertionError: expected [false] but found [true]
	at org.testng.Assert.fail(Assert.java:94)
	at org.testng.Assert.failNotEquals(Assert.java:494)
	at org.testng.Assert.assertFalse(Assert.java:63)
	at org.testng.Assert.assertFalse(Assert.java:73)
	at Academy.Validation1.basepageNavigation(Validation1.java:27)
	at java.base/jdk.internal.reflect.NativeMethodAccessorImpl.invoke0(Native Method)
	at java.base/jdk.internal.reflect.NativeMethodAccessorImpl.invoke(NativeMethodAccessorImpl.java:62)
	at java.base/jdk.internal.reflect.DelegatingMethodAccessorImpl.invoke(DelegatingMethodAccessorImpl.java:43)
	at java.base/java.lang.reflect.Method.invoke(Method.java:566)
	at org.testng.internal.MethodInvocationHelper.invokeMethod(MethodInvocationHelper.java:80)
	at org.testng.internal.Invoker.invokeMethod(Invoker.java:714)
	at org.testng.internal.Invoker.invokeTestMethod(Invoker.java:901)
	at org.testng.internal.Invoker.invokeTestMethods(Invoker.java:1231)
	at org.testng.internal.TestMethodWorker.invokeTestMethods(TestMethodWorker.java:127)
	at org.testng.internal.TestMethodWorker.run(TestMethodWorker.java:111)
	at org.testng.TestRunner.privateRun(TestRunner.java:767)
	at org.testng.TestRunner.run(TestRunner.java:617)
	at org.testng.SuiteRunner.runTest(SuiteRunner.java:334)
	at org.testng.SuiteRunner.access$000(SuiteRunner.java:37)
	at org.testng.SuiteRunner$SuiteWorker.run(SuiteRunner.java:368)
	at org.testng.internal.thread.ThreadUtil$2.call(ThreadUtil.java:64)
	at java.base/java.util.concurrent.FutureTask.run(FutureTask.java:264)
	at java.base/java.util.concurrent.ThreadPoolExecutor.runWorker(ThreadPoolExecutor.java:1128)
	at java.base/java.util.concurrent.ThreadPoolExecutor$Worker.run(ThreadPoolExecutor.java:628)
	at java.base/java.lang.Thread.run(Thread.java:834)
]]>
            </full-stacktrace>
          </exception> <!-- java.lang.AssertionError -->
          <reporter-output>
          </reporter-output>
        </test-method> <!-- basepageNavigation -->
        <test-method is-config="true" signature="tearDown()[pri:0, instance:Academy.Validation1@4808bc9b]" started-at="2021-06-09T18:21:44Z" name="tearDown" finished-at="2021-06-09T18:21:44Z" duration-ms="131" status="PASS">
          <reporter-output>
          </reporter-output>
        </test-method> <!-- tearDown -->
      </class> <!-- Academy.Validation1 -->
    </test> <!-- Test1 -->
    <test started-at="2021-06-09T12:51:07Z" name="Test2" finished-at="2021-06-09T12:52:01Z" duration-ms="54469">
      <class name="Academy.Homepage">
        <test-method is-config="true" signature="startBrowser()[pri:0, instance:Academy.Homepage@1890516e]" started-at="2021-06-09T18:21:07Z" name="startBrowser" finished-at="2021-06-09T18:21:10Z" duration-ms="2660" status="PASS">
          <reporter-output>
          </reporter-output>
        </test-method> <!-- startBrowser -->
        <test-method signature="basepageNavigation(java.lang.String, java.lang.String)[pri:0, instance:Academy.Homepage@1890516e]" started-at="2021-06-09T18:21:10Z" name="basepageNavigation" data-provider="getData" finished-at="2021-06-09T18:21:47Z" duration-ms="37117" status="PASS">
          <params>
            <param index="0">
              <value>
                <![CDATA[abc@gmail.com]]>
              </value>
            </param>
            <param index="1">
              <value>
                <![CDATA[123456789]]>
              </value>
            </param>
          </params>
          <reporter-output>
          </reporter-output>
        </test-method> <!-- basepageNavigation -->
        <test-method signature="basepageNavigation(java.lang.String, java.lang.String)[pri:0, instance:Academy.Homepage@1890516e]" started-at="2021-06-09T18:21:47Z" name="basepageNavigation" data-provider="getData" finished-at="2021-06-09T18:22:01Z" duration-ms="14594" status="PASS">
          <params>
            <param index="0">
              <value>
                <![CDATA[abc@gmail.com]]>
              </value>
            </param>
            <param index="1">
              <value>
                <![CDATA[123456789]]>
              </value>
            </param>
          </params>
          <reporter-output>
          </reporter-output>
        </test-method> <!-- basepageNavigation -->
        <test-method is-config="true" signature="tearDown()[pri:0, instance:Academy.Homepage@1890516e]" started-at="2021-06-09T18:22:01Z" name="tearDown" finished-at="2021-06-09T18:22:01Z" duration-ms="80" status="PASS">
          <reporter-output>
          </reporter-output>
        </test-method> <!-- tearDown -->
      </class> <!-- Academy.Homepage -->
    </test> <!-- Test2 -->
  </suite> <!-- Suite -->
</testng-results>
